
thg 3 13, 2022 22:04:53.690 NEW SESSION
thg 3 13, 2022 22:04:53.690 [9912:7720:0313/220453.688:ERROR:external_registry_loader_win.cc(151)] File path wcxChrome.crx needs to be absolute in key Software\Google\Chrome\Extensions\mjdepfkicdcciagbigfcmdhknnoaaegf
thg 3 13, 2022 22:04:57.51 [9912:9968:0313/220457.051:ERROR:device_event_log_impl.cc(214)] [22:04:57.051] USB: usb_device_handle_win.cc:1049 Failed to read descriptor from node connection: A device attached to the system is not functioning. (0x1F)
thg 3 13, 2022 22:04:57.52 [9912:9968:0313/220457.052:ERROR:device_event_log_impl.cc(214)] [22:04:57.052] USB: usb_device_handle_win.cc:1049 Failed to read descriptor from node connection: A device attached to the system is not functioning. (0x1F)

thg 3 19, 2022 07:30:07.142 NEW SESSION
thg 3 19, 2022 07:30:07.142 [5204:13368:0319/073007.141:ERROR:assistance_home_client.cc(23)] File path C:\Users\nguyen viet hien\AppData\Local\Microsoft\Edge\User Data\Default
thg 3 19, 2022 07:30:07.352 [5204:13368:0319/073007.352:ERROR:edge_auth_errors.cc(402)] EDGE_IDENTITY: Get Default OS Account failed: Error: Primary Error: kImplicitSignInFailure, Secondary Error: kAccountProviderFetchError, Platform error: 0, Error string: 
thg 3 19, 2022 07:30:07.352 
thg 3 19, 2022 07:30:09.583 [5204:13368:0319/073009.583:ERROR:device_event_log_impl.cc(214)] [07:30:09.583] USB: usb_device_handle_win.cc:1049 Failed to read descriptor from node connection: A device attached to the system is not functioning. (0x1F)
thg 3 19, 2022 07:30:09.585 [5204:13368:0319/073009.584:ERROR:device_event_log_impl.cc(214)] [07:30:09.585] USB: usb_device_handle_win.cc:1049 Failed to read descriptor from node connection: A device attached to the system is not functioning. (0x1F)
thg 3 19, 2022 08:18:05.124 [5204:13368:0319/081805.124:ERROR:smartscreen_dns_resolver.cc(103)] SmartScreenDnsResolver::OnComplete Error: -7 DidTimeOut: 1 URL: https://getbootstrap.com/docs/5.1/forms/checks-radios/
thg 3 19, 2022 08:18:05.125 [5204:13368:0319/081805.124:ERROR:smartscreen_dns_resolver.cc(103)] SmartScreenDnsResolver::OnComplete Error: -7 DidTimeOut: 1 URL: https://getbootstrap.com/docs/5.1/forms/select/
thg 3 19, 2022 08:28:05.256 [5204:13368:0319/082805.256:ERROR:fallback_task_provider.cc(124)] Every renderer should have at least one task provided by a primary task provider. If a "Renderer" fallback task is shown, it is a bug. If you have repro steps, please file a new bug and tag it as a dependency of crbug.com/739782.
thg 3 19, 2022 08:28:07.108 [5204:13368:0319/082807.108:ERROR:fallback_task_provider.cc(124)] Every renderer should have at least one task provided by a primary task provider. If a "Renderer" fallback task is shown, it is a bug. If you have repro steps, please file a new bug and tag it as a dependency of crbug.com/739782.
thg 3 19, 2022 08:33:22.628 [5204:13368:0319/083322.628:ERROR:fallback_task_provider.cc(124)] Every renderer should have at least one task provided by a primary task provider. If a "Renderer" fallback task is shown, it is a bug. If you have repro steps, please file a new bug and tag it as a dependency of crbug.com/739782.
thg 3 19, 2022 09:03:23.81 [5204:13368:0319/090323.080:ERROR:device_event_log_impl.cc(214)] [09:03:23.077] USB: usb_service_win.cc:260 Failed to get device driver name: Element not found. (0x490)
thg 3 19, 2022 09:10:32.309 [5204:13368:0319/091032.308:ERROR:fallback_task_provider.cc(124)] Every renderer should have at least one task provided by a primary task provider. If a "Renderer" fallback task is shown, it is a bug. If you have repro steps, please file a new bug and tag it as a dependency of crbug.com/739782.

thg 4 04, 2022 15:43:57.968 NEW SESSION
thg 4 04, 2022 15:43:57.968 [6456:6496:0404/154357.966:ERROR:assistance_home_client.cc(23)] File path C:\Users\nguyen viet hien\AppData\Local\Microsoft\Edge\User Data\Default
thg 4 04, 2022 15:43:58.452 [6456:6496:0404/154358.451:ERROR:edge_auth_errors.cc(408)] EDGE_IDENTITY: Get Default OS Account failed: Error: Primary Error: kImplicitSignInFailure, Secondary Error: kAccountProviderFetchError, Platform error: 0, Error string: 
thg 4 04, 2022 15:43:58.453 
thg 4 04, 2022 15:44:00.756 [6456:6496:0404/154400.756:ERROR:device_event_log_impl.cc(214)] [15:44:00.756] USB: usb_device_handle_win.cc:1049 Failed to read descriptor from node connection: A device attached to the system is not functioning. (0x1F)
thg 4 04, 2022 15:44:00.757 [6456:6496:0404/154400.757:ERROR:device_event_log_impl.cc(214)] [15:44:00.758] USB: usb_device_handle_win.cc:1049 Failed to read descriptor from node connection: A device attached to the system is not functioning. (0x1F)
thg 4 04, 2022 15:44:58.578 [6456:4484:0404/154458.577:ERROR:util.cc(132)] Can't create base directory: C:\Program Files\Microsoft\EdgeUpdater
thg 4 04, 2022 15:54:06.287 [6456:6496:0404/155406.287:ERROR:fallback_task_provider.cc(124)] Every renderer should have at least one task provided by a primary task provider. If a "Renderer" fallback task is shown, it is a bug. If you have repro steps, please file a new bug and tag it as a dependency of crbug.com/739782.
thg 4 04, 2022 17:27:36.419 [6456:6496:0404/172736.419:ERROR:fallback_task_provider.cc(124)] Every renderer should have at least one task provided by a primary task provider. If a "Renderer" fallback task is shown, it is a bug. If you have repro steps, please file a new bug and tag it as a dependency of crbug.com/739782.
thg 4 04, 2022 17:27:41.507 [6456:6496:0404/172741.506:ERROR:fallback_task_provider.cc(124)] Every renderer should have at least one task provided by a primary task provider. If a "Renderer" fallback task is shown, it is a bug. If you have repro steps, please file a new bug and tag it as a dependency of crbug.com/739782.
thg 4 04, 2022 17:27:44.642 [6456:6496:0404/172744.642:ERROR:fallback_task_provider.cc(124)] Every renderer should have at least one task provided by a primary task provider. If a "Renderer" fallback task is shown, it is a bug. If you have repro steps, please file a new bug and tag it as a dependency of crbug.com/739782.
thg 4 04, 2022 17:27:48.534 [6456:6496:0404/172748.533:ERROR:fallback_task_provider.cc(124)] Every renderer should have at least one task provided by a primary task provider. If a "Renderer" fallback task is shown, it is a bug. If you have repro steps, please file a new bug and tag it as a dependency of crbug.com/739782.
thg 4 04, 2022 17:27:52.559 [6456:6496:0404/172752.559:ERROR:fallback_task_provider.cc(124)] Every renderer should have at least one task provided by a primary task provider. If a "Renderer" fallback task is shown, it is a bug. If you have repro steps, please file a new bug and tag it as a dependency of crbug.com/739782.
thg 4 04, 2022 17:27:55.604 [6456:6496:0404/172755.604:ERROR:fallback_task_provider.cc(124)] Every renderer should have at least one task provided by a primary task provider. If a "Renderer" fallback task is shown, it is a bug. If you have repro steps, please file a new bug and tag it as a dependency of crbug.com/739782.
thg 4 04, 2022 17:28:17.911 [6456:6496:0404/172817.911:ERROR:fallback_task_provider.cc(124)] Every renderer should have at least one task provided by a primary task provider. If a "Renderer" fallback task is shown, it is a bug. If you have repro steps, please file a new bug and tag it as a dependency of crbug.com/739782.
thg 4 04, 2022 17:28:24.652 [6456:6496:0404/172824.652:ERROR:fallback_task_provider.cc(124)] Every renderer should have at least one task provided by a primary task provider. If a "Renderer" fallback task is shown, it is a bug. If you have repro steps, please file a new bug and tag it as a dependency of crbug.com/739782.
thg 4 04, 2022 17:39:44.297 [6456:6496:0404/173944.297:ERROR:fallback_task_provider.cc(124)] Every renderer should have at least one task provided by a primary task provider. If a "Renderer" fallback task is shown, it is a bug. If you have repro steps, please file a new bug and tag it as a dependency of crbug.com/739782.
thg 4 04, 2022 20:05:48.871 [6456:6496:0404/200548.870:ERROR:CONSOLE(6)] "console.assert", source: devtools://devtools/bundled/panels/console/console.js (6)
thg 4 04, 2022 20:05:48.872 [6456:6496:0404/200548.870:ERROR:CONSOLE(6)] "console.assert", source: devtools://devtools/bundled/panels/console/console.js (6)
thg 4 04, 2022 20:05:48.872 [6456:6496:0404/200548.870:ERROR:CONSOLE(6)] "console.assert", source: devtools://devtools/bundled/panels/console/console.js (6)
thg 4 04, 2022 20:05:48.873 [6456:6496:0404/200548.870:ERROR:CONSOLE(6)] "console.assert", source: devtools://devtools/bundled/panels/console/console.js (6)
thg 4 04, 2022 20:05:48.873 [6456:6496:0404/200548.870:ERROR:CONSOLE(6)] "console.assert", source: devtools://devtools/bundled/panels/console/console.js (6)
thg 4 04, 2022 20:05:48.874 [6456:6496:0404/200548.870:ERROR:CONSOLE(6)] "console.assert", source: devtools://devtools/bundled/panels/console/console.js (6)
thg 4 04, 2022 20:05:48.874 [6456:6496:0404/200548.870:ERROR:CONSOLE(6)] "console.assert", source: devtools://devtools/bundled/panels/console/console.js (6)
thg 4 04, 2022 20:05:48.874 [6456:6496:0404/200548.870:ERROR:CONSOLE(6)] "console.assert", source: devtools://devtools/bundled/panels/console/console.js (6)
thg 4 04, 2022 20:05:49.505 [6456:6496:0404/200549.504:ERROR:CONSOLE(6)] "console.assert", source: devtools://devtools/bundled/panels/console/console.js (6)
thg 4 04, 2022 20:05:49.505 [6456:6496:0404/200549.504:ERROR:CONSOLE(6)] "console.assert", source: devtools://devtools/bundled/panels/console/console.js (6)
thg 4 04, 2022 20:05:49.506 [6456:6496:0404/200549.504:ERROR:CONSOLE(6)] "console.assert", source: devtools://devtools/bundled/panels/console/console.js (6)
thg 4 04, 2022 20:05:49.506 [6456:6496:0404/200549.504:ERROR:CONSOLE(6)] "console.assert", source: devtools://devtools/bundled/panels/console/console.js (6)
thg 4 04, 2022 20:05:49.507 [6456:6496:0404/200549.504:ERROR:CONSOLE(6)] "console.assert", source: devtools://devtools/bundled/panels/console/console.js (6)
thg 4 04, 2022 20:05:49.507 [6456:6496:0404/200549.504:ERROR:CONSOLE(6)] "console.assert", source: devtools://devtools/bundled/panels/console/console.js (6)
thg 4 04, 2022 20:05:49.507 [6456:6496:0404/200549.504:ERROR:CONSOLE(6)] "console.assert", source: devtools://devtools/bundled/panels/console/console.js (6)
thg 4 04, 2022 20:05:49.507 [6456:6496:0404/200549.504:ERROR:CONSOLE(6)] "console.assert", source: devtools://devtools/bundled/panels/console/console.js (6)
thg 4 04, 2022 20:05:50.332 [6456:6496:0404/200550.331:ERROR:CONSOLE(6)] "console.assert", source: devtools://devtools/bundled/panels/console/console.js (6)
thg 4 04, 2022 20:05:50.332 [6456:6496:0404/200550.331:ERROR:CONSOLE(6)] "console.assert", source: devtools://devtools/bundled/panels/console/console.js (6)
thg 4 04, 2022 20:05:50.333 [6456:6496:0404/200550.331:ERROR:CONSOLE(6)] "console.assert", source: devtools://devtools/bundled/panels/console/console.js (6)
thg 4 04, 2022 20:05:50.333 [6456:6496:0404/200550.331:ERROR:CONSOLE(6)] "console.assert", source: devtools://devtools/bundled/panels/console/console.js (6)
thg 4 04, 2022 20:05:50.334 [6456:6496:0404/200550.331:ERROR:CONSOLE(6)] "console.assert", source: devtools://devtools/bundled/panels/console/console.js (6)
thg 4 04, 2022 20:05:50.334 [6456:6496:0404/200550.331:ERROR:CONSOLE(6)] "console.assert", source: devtools://devtools/bundled/panels/console/console.js (6)
thg 4 04, 2022 20:05:50.334 [6456:6496:0404/200550.331:ERROR:CONSOLE(6)] "console.assert", source: devtools://devtools/bundled/panels/console/console.js (6)
thg 4 04, 2022 20:05:50.335 [6456:6496:0404/200550.332:ERROR:CONSOLE(6)] "console.assert", source: devtools://devtools/bundled/panels/console/console.js (6)
thg 4 04, 2022 20:05:50.335 [6456:6496:0404/200550.332:ERROR:CONSOLE(6)] "console.assert", source: devtools://devtools/bundled/panels/console/console.js (6)
thg 4 04, 2022 20:05:50.336 [6456:6496:0404/200550.332:ERROR:CONSOLE(6)] "console.assert", source: devtools://devtools/bundled/panels/console/console.js (6)
thg 4 04, 2022 20:05:52.216 [6456:6496:0404/200552.216:ERROR:CONSOLE(6)] "console.assert", source: devtools://devtools/bundled/panels/console/console.js (6)
thg 4 04, 2022 20:05:52.217 [6456:6496:0404/200552.216:ERROR:CONSOLE(6)] "console.assert", source: devtools://devtools/bundled/panels/console/console.js (6)
thg 4 04, 2022 20:05:52.217 [6456:6496:0404/200552.216:ERROR:CONSOLE(6)] "console.assert", source: devtools://devtools/bundled/panels/console/console.js (6)
thg 4 04, 2022 20:05:52.217 [6456:6496:0404/200552.216:ERROR:CONSOLE(6)] "console.assert", source: devtools://devtools/bundled/panels/console/console.js (6)
thg 4 04, 2022 20:05:52.218 [6456:6496:0404/200552.216:ERROR:CONSOLE(6)] "console.assert", source: devtools://devtools/bundled/panels/console/console.js (6)
thg 4 04, 2022 20:05:52.218 [6456:6496:0404/200552.216:ERROR:CONSOLE(6)] "console.assert", source: devtools://devtools/bundled/panels/console/console.js (6)
thg 4 04, 2022 20:05:52.218 [6456:6496:0404/200552.216:ERROR:CONSOLE(6)] "console.assert", source: devtools://devtools/bundled/panels/console/console.js (6)
thg 4 04, 2022 20:05:52.219 [6456:6496:0404/200552.216:ERROR:CONSOLE(6)] "console.assert", source: devtools://devtools/bundled/panels/console/console.js (6)
thg 4 04, 2022 20:05:52.219 [6456:6496:0404/200552.216:ERROR:CONSOLE(6)] "console.assert", source: devtools://devtools/bundled/panels/console/console.js (6)
thg 4 04, 2022 20:05:52.219 [6456:6496:0404/200552.216:ERROR:CONSOLE(6)] "console.assert", source: devtools://devtools/bundled/panels/console/console.js (6)
thg 4 04, 2022 20:05:52.292 [6456:6496:0404/200552.291:ERROR:CONSOLE(6)] "console.assert", source: devtools://devtools/bundled/panels/console/console.js (6)
thg 4 04, 2022 20:05:52.292 [6456:6496:0404/200552.291:ERROR:CONSOLE(6)] "console.assert", source: devtools://devtools/bundled/panels/console/console.js (6)
thg 4 04, 2022 20:05:52.292 [6456:6496:0404/200552.291:ERROR:CONSOLE(6)] "console.assert", source: devtools://devtools/bundled/panels/console/console.js (6)
thg 4 04, 2022 20:05:52.293 [6456:6496:0404/200552.291:ERROR:CONSOLE(6)] "console.assert", source: devtools://devtools/bundled/panels/console/console.js (6)
thg 4 04, 2022 20:05:52.293 [6456:6496:0404/200552.291:ERROR:CONSOLE(6)] "console.assert", source: devtools://devtools/bundled/panels/console/console.js (6)
thg 4 04, 2022 20:05:52.293 [6456:6496:0404/200552.291:ERROR:CONSOLE(6)] "console.assert", source: devtools://devtools/bundled/panels/console/console.js (6)
thg 4 04, 2022 20:05:52.294 [6456:6496:0404/200552.291:ERROR:CONSOLE(6)] "console.assert", source: devtools://devtools/bundled/panels/console/console.js (6)
thg 4 04, 2022 20:05:52.294 [6456:6496:0404/200552.291:ERROR:CONSOLE(6)] "console.assert", source: devtools://devtools/bundled/panels/console/console.js (6)
thg 4 04, 2022 20:05:52.295 [6456:6496:0404/200552.291:ERROR:CONSOLE(6)] "console.assert", source: devtools://devtools/bundled/panels/console/console.js (6)
thg 4 04, 2022 20:05:52.296 [6456:6496:0404/200552.291:ERROR:CONSOLE(6)] "console.assert", source: devtools://devtools/bundled/panels/console/console.js (6)
thg 4 04, 2022 20:05:52.297 [6456:6496:0404/200552.291:ERROR:CONSOLE(6)] "console.assert", source: devtools://devtools/bundled/panels/console/console.js (6)
thg 4 04, 2022 20:05:52.298 [6456:6496:0404/200552.292:ERROR:CONSOLE(6)] "console.assert", source: devtools://devtools/bundled/panels/console/console.js (6)
thg 4 04, 2022 20:05:52.298 [6456:6496:0404/200552.292:ERROR:CONSOLE(6)] "console.assert", source: devtools://devtools/bundled/panels/console/console.js (6)
thg 4 04, 2022 20:05:52.724 [6456:6496:0404/200552.724:ERROR:CONSOLE(6)] "console.assert", source: devtools://devtools/bundled/panels/console/console.js (6)
thg 4 04, 2022 20:05:52.725 [6456:6496:0404/200552.724:ERROR:CONSOLE(6)] "console.assert", source: devtools://devtools/bundled/panels/console/console.js (6)
thg 4 04, 2022 20:05:52.725 [6456:6496:0404/200552.724:ERROR:CONSOLE(6)] "console.assert", source: devtools://devtools/bundled/panels/console/console.js (6)
thg 4 04, 2022 20:05:52.725 [6456:6496:0404/200552.724:ERROR:CONSOLE(6)] "console.assert", source: devtools://devtools/bundled/panels/console/console.js (6)
thg 4 04, 2022 20:05:52.725 [6456:6496:0404/200552.724:ERROR:CONSOLE(6)] "console.assert", source: devtools://devtools/bundled/panels/console/console.js (6)
thg 4 04, 2022 20:05:52.725 [6456:6496:0404/200552.724:ERROR:CONSOLE(6)] "console.assert", source: devtools://devtools/bundled/panels/console/console.js (6)
thg 4 04, 2022 20:05:52.726 [6456:6496:0404/200552.724:ERROR:CONSOLE(6)] "console.assert", source: devtools://devtools/bundled/panels/console/console.js (6)
thg 4 04, 2022 20:05:52.726 [6456:6496:0404/200552.724:ERROR:CONSOLE(6)] "console.assert", source: devtools://devtools/bundled/panels/console/console.js (6)
thg 4 04, 2022 20:05:52.726 [6456:6496:0404/200552.724:ERROR:CONSOLE(6)] "console.assert", source: devtools://devtools/bundled/panels/console/console.js (6)
thg 4 04, 2022 20:05:52.726 [6456:6496:0404/200552.724:ERROR:CONSOLE(6)] "console.assert", source: devtools://devtools/bundled/panels/console/console.js (6)
thg 4 04, 2022 20:05:52.726 [6456:6496:0404/200552.724:ERROR:CONSOLE(6)] "console.assert", source: devtools://devtools/bundled/panels/console/console.js (6)
thg 4 04, 2022 20:05:52.726 [6456:6496:0404/200552.724:ERROR:CONSOLE(6)] "console.assert", source: devtools://devtools/bundled/panels/console/console.js (6)
thg 4 04, 2022 20:05:52.727 [6456:6496:0404/200552.724:ERROR:CONSOLE(6)] "console.assert", source: devtools://devtools/bundled/panels/console/console.js (6)
thg 4 04, 2022 20:05:52.727 [6456:6496:0404/200552.724:ERROR:CONSOLE(6)] "console.assert", source: devtools://devtools/bundled/panels/console/console.js (6)
thg 4 04, 2022 20:05:52.786 [6456:6496:0404/200552.786:ERROR:CONSOLE(6)] "console.assert", source: devtools://devtools/bundled/panels/console/console.js (6)
thg 4 04, 2022 20:05:52.786 [6456:6496:0404/200552.786:ERROR:CONSOLE(6)] "console.assert", source: devtools://devtools/bundled/panels/console/console.js (6)
thg 4 04, 2022 20:05:52.787 [6456:6496:0404/200552.786:ERROR:CONSOLE(6)] "console.assert", source: devtools://devtools/bundled/panels/console/console.js (6)
thg 4 04, 2022 20:05:52.787 [6456:6496:0404/200552.786:ERROR:CONSOLE(6)] "console.assert", source: devtools://devtools/bundled/panels/console/console.js (6)
thg 4 04, 2022 20:05:52.787 [6456:6496:0404/200552.786:ERROR:CONSOLE(6)] "console.assert", source: devtools://devtools/bundled/panels/console/console.js (6)
thg 4 04, 2022 20:05:52.787 [6456:6496:0404/200552.786:ERROR:CONSOLE(6)] "console.assert", source: devtools://devtools/bundled/panels/console/console.js (6)
thg 4 04, 2022 20:05:52.788 [6456:6496:0404/200552.786:ERROR:CONSOLE(6)] "console.assert", source: devtools://devtools/bundled/panels/console/console.js (6)
thg 4 04, 2022 20:05:52.789 [6456:6496:0404/200552.786:ERROR:CONSOLE(6)] "console.assert", source: devtools://devtools/bundled/panels/console/console.js (6)
thg 4 04, 2022 20:05:52.789 [6456:6496:0404/200552.786:ERROR:CONSOLE(6)] "console.assert", source: devtools://devtools/bundled/panels/console/console.js (6)
thg 4 04, 2022 20:05:52.789 [6456:6496:0404/200552.786:ERROR:CONSOLE(6)] "console.assert", source: devtools://devtools/bundled/panels/console/console.js (6)
thg 4 04, 2022 20:05:52.789 [6456:6496:0404/200552.786:ERROR:CONSOLE(6)] "console.assert", source: devtools://devtools/bundled/panels/console/console.js (6)
thg 4 04, 2022 20:05:52.789 [6456:6496:0404/200552.786:ERROR:CONSOLE(6)] "console.assert", source: devtools://devtools/bundled/panels/console/console.js (6)
thg 4 04, 2022 20:05:52.790 [6456:6496:0404/200552.786:ERROR:CONSOLE(6)] "console.assert", source: devtools://devtools/bundled/panels/console/console.js (6)
thg 4 04, 2022 20:05:52.790 [6456:6496:0404/200552.786:ERROR:CONSOLE(6)] "console.assert", source: devtools://devtools/bundled/panels/console/console.js (6)
thg 4 04, 2022 20:05:52.790 [6456:6496:0404/200552.786:ERROR:CONSOLE(6)] "console.assert", source: devtools://devtools/bundled/panels/console/console.js (6)
thg 4 04, 2022 20:05:52.790 [6456:6496:0404/200552.786:ERROR:CONSOLE(6)] "console.assert", source: devtools://devtools/bundled/panels/console/console.js (6)
thg 4 04, 2022 20:05:52.790 [6456:6496:0404/200552.786:ERROR:CONSOLE(6)] "console.assert", source: devtools://devtools/bundled/panels/console/console.js (6)
thg 4 04, 2022 20:05:52.927 [6456:6496:0404/200552.926:ERROR:CONSOLE(6)] "console.assert", source: devtools://devtools/bundled/panels/console/console.js (6)
thg 4 04, 2022 20:05:52.927 [6456:6496:0404/200552.926:ERROR:CONSOLE(6)] "console.assert", source: devtools://devtools/bundled/panels/console/console.js (6)
thg 4 04, 2022 20:05:52.927 [6456:6496:0404/200552.926:ERROR:CONSOLE(6)] "console.assert", source: devtools://devtools/bundled/panels/console/console.js (6)
thg 4 04, 2022 20:05:52.928 [6456:6496:0404/200552.926:ERROR:CONSOLE(6)] "console.assert", source: devtools://devtools/bundled/panels/console/console.js (6)
thg 4 04, 2022 20:05:52.928 [6456:6496:0404/200552.926:ERROR:CONSOLE(6)] "console.assert", source: devtools://devtools/bundled/panels/console/console.js (6)
thg 4 04, 2022 20:05:52.928 [6456:6496:0404/200552.926:ERROR:CONSOLE(6)] "console.assert", source: devtools://devtools/bundled/panels/console/console.js (6)
thg 4 04, 2022 20:05:52.929 [6456:6496:0404/200552.926:ERROR:CONSOLE(6)] "console.assert", source: devtools://devtools/bundled/panels/console/console.js (6)
thg 4 04, 2022 20:05:52.929 [6456:6496:0404/200552.926:ERROR:CONSOLE(6)] "console.assert", source: devtools://devtools/bundled/panels/console/console.js (6)
thg 4 04, 2022 20:05:52.930 [6456:6496:0404/200552.926:ERROR:CONSOLE(6)] "console.assert", source: devtools://devtools/bundled/panels/console/console.js (6)
thg 4 04, 2022 20:05:52.930 [6456:6496:0404/200552.926:ERROR:CONSOLE(6)] "console.assert", source: devtools://devtools/bundled/panels/console/console.js (6)
thg 4 04, 2022 20:05:52.930 [6456:6496:0404/200552.926:ERROR:CONSOLE(6)] "console.assert", source: devtools://devtools/bundled/panels/console/console.js (6)
thg 4 04, 2022 20:05:52.931 [6456:6496:0404/200552.926:ERROR:CONSOLE(6)] "console.assert", source: devtools://devtools/bundled/panels/console/console.js (6)
thg 4 04, 2022 20:05:52.931 [6456:6496:0404/200552.926:ERROR:CONSOLE(6)] "console.assert", source: devtools://devtools/bundled/panels/console/console.js (6)
thg 4 04, 2022 20:05:52.931 [6456:6496:0404/200552.926:ERROR:CONSOLE(6)] "console.assert", source: devtools://devtools/bundled/panels/console/console.js (6)
thg 4 04, 2022 20:05:52.931 [6456:6496:0404/200552.926:ERROR:CONSOLE(6)] "console.assert", source: devtools://devtools/bundled/panels/console/console.js (6)
thg 4 04, 2022 20:05:52.931 [6456:6496:0404/200552.926:ERROR:CONSOLE(6)] "console.assert", source: devtools://devtools/bundled/panels/console/console.js (6)
thg 4 04, 2022 20:05:52.932 [6456:6496:0404/200552.926:ERROR:CONSOLE(6)] "console.assert", source: devtools://devtools/bundled/panels/console/console.js (6)
thg 4 04, 2022 20:05:52.932 [6456:6496:0404/200552.926:ERROR:CONSOLE(6)] "console.assert", source: devtools://devtools/bundled/panels/console/console.js (6)
thg 4 04, 2022 20:05:52.932 [6456:6496:0404/200552.926:ERROR:CONSOLE(6)] "console.assert", source: devtools://devtools/bundled/panels/console/console.js (6)
thg 4 04, 2022 20:05:52.932 [6456:6496:0404/200552.926:ERROR:CONSOLE(6)] "console.assert", source: devtools://devtools/bundled/panels/console/console.js (6)
thg 4 04, 2022 20:08:04.908 [6456:6496:0404/200804.908:ERROR:fallback_task_provider.cc(124)] Every renderer should have at least one task provided by a primary task provider. If a "Renderer" fallback task is shown, it is a bug. If you have repro steps, please file a new bug and tag it as a dependency of crbug.com/739782.
thg 4 04, 2022 20:44:58.579 [6456:12672:0404/204458.578:ERROR:util.cc(132)] Can't create base directory: C:\Program Files\Microsoft\EdgeUpdater
thg 4 04, 2022 21:05:06.498 [6456:6496:0404/210506.498:ERROR:fallback_task_provider.cc(124)] Every renderer should have at least one task provided by a primary task provider. If a "Renderer" fallback task is shown, it is a bug. If you have repro steps, please file a new bug and tag it as a dependency of crbug.com/739782.
thg 4 04, 2022 21:12:41.979 [6456:6496:0404/211241.978:ERROR:interface_endpoint_client.cc(659)] Message 0 rejected by interface blink.mojom.WidgetHost
thg 4 04, 2022 21:14:27.488 [6456:6496:0404/211427.488:ERROR:interface_endpoint_client.cc(659)] Message 0 rejected by interface blink.mojom.WidgetHost
thg 4 04, 2022 21:22:57.362 [6456:6496:0404/212257.362:ERROR:fallback_task_provider.cc(124)] Every renderer should have at least one task provided by a primary task provider. If a "Renderer" fallback task is shown, it is a bug. If you have repro steps, please file a new bug and tag it as a dependency of crbug.com/739782.

thg 4 06, 2022 11:22:36.461 NEW SESSION
thg 4 06, 2022 11:22:36.461 [5976:13032:0406/112236.459:ERROR:assistance_home_client.cc(23)] File path C:\Users\nguyen viet hien\AppData\Local\Microsoft\Edge\User Data\Default
thg 4 06, 2022 11:22:36.774 [5976:13032:0406/112236.773:ERROR:edge_auth_errors.cc(408)] EDGE_IDENTITY: Get Default OS Account failed: Error: Primary Error: kImplicitSignInFailure, Secondary Error: kAccountProviderFetchError, Platform error: 0, Error string: 
thg 4 06, 2022 11:22:36.774 
thg 4 06, 2022 11:22:39.128 [5976:13032:0406/112239.128:ERROR:device_event_log_impl.cc(214)] [11:22:39.128] USB: usb_device_handle_win.cc:1049 Failed to read descriptor from node connection: A device attached to the system is not functioning. (0x1F)
thg 4 06, 2022 11:22:39.130 [5976:13032:0406/112239.129:ERROR:device_event_log_impl.cc(214)] [11:22:39.129] USB: usb_device_handle_win.cc:1049 Failed to read descriptor from node connection: A device attached to the system is not functioning. (0x1F)
thg 4 06, 2022 11:23:36.921 [5976:8260:0406/112336.920:ERROR:util.cc(132)] Can't create base directory: C:\Program Files\Microsoft\EdgeUpdater
thg 4 06, 2022 11:23:39.80 [5976:13032:0406/112339.079:ERROR:sitelist_downloader.cc(244)] Sitelist download failed: ERR_HTTP_RESPONSE_CODE_FAILURE url=https://go.microsoft.com/fwlink/?linkid=2133855&bucket=70 cid=N/A status=503
thg 4 06, 2022 11:36:15.180 [5976:13032:0406/113615.180:ERROR:fallback_task_provider.cc(124)] Every renderer should have at least one task provided by a primary task provider. If a "Renderer" fallback task is shown, it is a bug. If you have repro steps, please file a new bug and tag it as a dependency of crbug.com/739782.

thg 4 06, 2022 12:17:20.651 NEW SESSION
thg 4 06, 2022 12:17:20.651 [11204:4588:0406/121720.649:ERROR:assistance_home_client.cc(23)] File path C:\Users\nguyen viet hien\AppData\Local\Microsoft\Edge\User Data\Default
thg 4 06, 2022 12:17:21.24 [11204:4588:0406/121721.023:ERROR:edge_auth_errors.cc(408)] EDGE_IDENTITY: Get Default OS Account failed: Error: Primary Error: kImplicitSignInFailure, Secondary Error: kAccountProviderFetchError, Platform error: 0, Error string: 
thg 4 06, 2022 12:17:21.24 
thg 4 06, 2022 12:17:23.378 [11204:4588:0406/121723.377:ERROR:device_event_log_impl.cc(214)] [12:17:23.377] USB: usb_device_handle_win.cc:1049 Failed to read descriptor from node connection: A device attached to the system is not functioning. (0x1F)
thg 4 06, 2022 12:17:23.379 [11204:4588:0406/121723.379:ERROR:device_event_log_impl.cc(214)] [12:17:23.379] USB: usb_device_handle_win.cc:1049 Failed to read descriptor from node connection: A device attached to the system is not functioning. (0x1F)
thg 4 06, 2022 12:18:21.179 [11204:4768:0406/121821.179:ERROR:util.cc(132)] Can't create base directory: C:\Program Files\Microsoft\EdgeUpdater
thg 4 06, 2022 15:43:07.879 [11204:4588:0406/154307.878:ERROR:fallback_task_provider.cc(124)] Every renderer should have at least one task provided by a primary task provider. If a "Renderer" fallback task is shown, it is a bug. If you have repro steps, please file a new bug and tag it as a dependency of crbug.com/739782.
thg 4 06, 2022 16:17:17.299 [11204:4588:0406/161717.299:ERROR:fallback_task_provider.cc(124)] Every renderer should have at least one task provided by a primary task provider. If a "Renderer" fallback task is shown, it is a bug. If you have repro steps, please file a new bug and tag it as a dependency of crbug.com/739782.

thg 4 06, 2022 16:55:35.42 NEW SESSION
thg 4 06, 2022 16:55:35.42 [9620:464:0406/165535.041:ERROR:assistance_home_client.cc(23)] File path C:\Users\nguyen viet hien\AppData\Local\Microsoft\Edge\User Data\Default
thg 4 06, 2022 16:55:35.505 [9620:464:0406/165535.504:ERROR:edge_auth_errors.cc(408)] EDGE_IDENTITY: Get Default OS Account failed: Error: Primary Error: kImplicitSignInFailure, Secondary Error: kAccountProviderFetchError, Platform error: 0, Error string: 
thg 4 06, 2022 16:55:35.506 
thg 4 06, 2022 16:55:37.947 [9620:464:0406/165537.946:ERROR:device_event_log_impl.cc(214)] [16:55:37.946] USB: usb_device_handle_win.cc:1049 Failed to read descriptor from node connection: A device attached to the system is not functioning. (0x1F)
thg 4 06, 2022 16:55:37.948 [9620:464:0406/165537.948:ERROR:device_event_log_impl.cc(214)] [16:55:37.947] USB: usb_device_handle_win.cc:1049 Failed to read descriptor from node connection: A device attached to the system is not functioning. (0x1F)
thg 4 06, 2022 16:56:35.586 [9620:2804:0406/165635.586:ERROR:util.cc(132)] Can't create base directory: C:\Program Files\Microsoft\EdgeUpdater
thg 4 06, 2022 17:07:59.677 [9620:464:0406/170759.677:ERROR:fallback_task_provider.cc(124)] Every renderer should have at least one task provided by a primary task provider. If a "Renderer" fallback task is shown, it is a bug. If you have repro steps, please file a new bug and tag it as a dependency of crbug.com/739782.
thg 4 06, 2022 17:29:56.15 [9620:464:0406/172956.015:ERROR:interface_endpoint_client.cc(659)] Message 2 rejected by interface blink.mojom.WidgetHost
thg 4 06, 2022 17:30:01.504 [9620:464:0406/173001.504:ERROR:fallback_task_provider.cc(124)] Every renderer should have at least one task provided by a primary task provider. If a "Renderer" fallback task is shown, it is a bug. If you have repro steps, please file a new bug and tag it as a dependency of crbug.com/739782.
thg 4 06, 2022 18:35:28.948 [9620:464:0406/183528.947:ERROR:wtm_interface_impl.cc(734)] SetTabTreatAsAppId(contents) failed, hr=0x80004005
thg 4 06, 2022 21:56:35.649 [9620:13168:0406/215635.587:ERROR:util.cc(132)] Can't create base directory: C:\Program Files\Microsoft\EdgeUpdater
thg 4 06, 2022 22:42:02.201 [9620:464:0406/224202.201:ERROR:fallback_task_provider.cc(124)] Every renderer should have at least one task provided by a primary task provider. If a "Renderer" fallback task is shown, it is a bug. If you have repro steps, please file a new bug and tag it as a dependency of crbug.com/739782.
thg 4 06, 2022 23:13:45.264 [9620:464:0406/231345.264:ERROR:fallback_task_provider.cc(124)] Every renderer should have at least one task provided by a primary task provider. If a "Renderer" fallback task is shown, it is a bug. If you have repro steps, please file a new bug and tag it as a dependency of crbug.com/739782.
thg 4 07, 2022 24:25:19.16 [9620:464:0407/002519.014:ERROR:wtm_interface_impl.cc(734)] SetTabTreatAsAppId(contents) failed, hr=0x80004005
thg 4 07, 2022 24:25:24.02 [9620:464:0407/002524.002:ERROR:wtm_interface_impl.cc(734)] SetTabTreatAsAppId(contents) failed, hr=0x80004005

thg 4 09, 2022 07:31:02.930 NEW SESSION
thg 4 09, 2022 07:31:02.930 [20164:3436:0409/073102.923:ERROR:assistance_home_client.cc(23)] File path C:\Users\nguyen viet hien\AppData\Local\Microsoft\Edge\User Data\Default
thg 4 09, 2022 07:31:03.718 [20164:3436:0409/073103.718:ERROR:edge_auth_errors.cc(408)] EDGE_IDENTITY: Get Default OS Account failed: Error: Primary Error: kImplicitSignInFailure, Secondary Error: kAccountProviderFetchError, Platform error: 0, Error string: 
thg 4 09, 2022 07:31:03.719 
thg 4 09, 2022 07:31:06.197 [20164:3436:0409/073106.197:ERROR:device_event_log_impl.cc(214)] [07:31:06.196] USB: usb_device_handle_win.cc:1049 Failed to read descriptor from node connection: A device attached to the system is not functioning. (0x1F)
thg 4 09, 2022 07:31:06.198 [20164:3436:0409/073106.197:ERROR:device_event_log_impl.cc(214)] [07:31:06.196] USB: usb_device_handle_win.cc:1049 Failed to read descriptor from node connection: A device attached to the system is not functioning. (0x1F)
thg 4 09, 2022 07:31:09.80 [20164:3436:0409/073109.079:ERROR:smartscreen_dns_resolver.cc(103)] SmartScreenDnsResolver::OnComplete Error: -7 DidTimeOut: 1 URL: https://ntp.msn.com/edge/ntp?locale=vi&title=Tab%20m%C6%A1%CC%81i&dsp=0&sp=Google&prerender=1
thg 4 09, 2022 07:32:03.919 [20164:932:0409/073203.918:ERROR:util.cc(132)] Can't create base directory: C:\Program Files\Microsoft\EdgeUpdater
thg 4 09, 2022 08:03:48.249 [20164:3436:0409/080348.249:ERROR:fallback_task_provider.cc(124)] Every renderer should have at least one task provided by a primary task provider. If a "Renderer" fallback task is shown, it is a bug. If you have repro steps, please file a new bug and tag it as a dependency of crbug.com/739782.
thg 4 09, 2022 08:03:48.860 [20164:3436:0409/080348.859:ERROR:smartscreen_dns_resolver.cc(103)] SmartScreenDnsResolver::OnComplete Error: -7 DidTimeOut: 1 URL: https://ntp.msn.com/edge/ntp?locale=vi&title=Tab%20m%C6%A1%CC%81i&dsp=0&sp=Google&prerender=1
thg 4 09, 2022 08:03:49.524 [20164:3436:0409/080349.524:ERROR:smartscreen_dns_resolver.cc(103)] SmartScreenDnsResolver::OnComplete Error: -7 DidTimeOut: 1 URL: https://www.google.com/search?q=transaction&oq=transe&aqs=edge.6.69i57j0i512j0i10i131i433j0i512l3j0i10i512j0i512.5818j0j4&sourceid=chrome&ie=UTF-8
thg 4 09, 2022 08:08:59.44 [20164:3436:0409/080859.043:ERROR:fallback_task_provider.cc(124)] Every renderer should have at least one task provided by a primary task provider. If a "Renderer" fallback task is shown, it is a bug. If you have repro steps, please file a new bug and tag it as a dependency of crbug.com/739782.
thg 4 09, 2022 08:09:00.303 [20164:3436:0409/080900.302:ERROR:smartscreen_dns_resolver.cc(103)] SmartScreenDnsResolver::OnComplete Error: -7 DidTimeOut: 1 URL: https://quantrimang.com/transaction-trong-sql-162443

thg 4 09, 2022 23:19:23.807 NEW SESSION
thg 4 09, 2022 23:19:23.807 [5028:5008:0409/231923.806:ERROR:assistance_home_client.cc(23)] File path C:\Users\nguyen viet hien\AppData\Local\Microsoft\Edge\User Data\Default
thg 4 09, 2022 23:19:24.254 [5028:5008:0409/231924.253:ERROR:edge_auth_errors.cc(408)] EDGE_IDENTITY: Get Default OS Account failed: Error: Primary Error: kImplicitSignInFailure, Secondary Error: kAccountProviderFetchError, Platform error: 0, Error string: 
thg 4 09, 2022 23:19:24.254 
thg 4 09, 2022 23:19:26.930 [5028:5008:0409/231926.930:ERROR:device_event_log_impl.cc(214)] [23:19:26.930] USB: usb_device_handle_win.cc:1049 Failed to read descriptor from node connection: A device attached to the system is not functioning. (0x1F)
thg 4 09, 2022 23:19:26.932 [5028:5008:0409/231926.931:ERROR:device_event_log_impl.cc(214)] [23:19:26.931] USB: usb_device_handle_win.cc:1049 Failed to read descriptor from node connection: A device attached to the system is not functioning. (0x1F)
thg 4 09, 2022 23:19:37.326 [5028:5008:0409/231937.326:ERROR:fallback_task_provider.cc(124)] Every renderer should have at least one task provided by a primary task provider. If a "Renderer" fallback task is shown, it is a bug. If you have repro steps, please file a new bug and tag it as a dependency of crbug.com/739782.
thg 4 09, 2022 23:20:24.425 [5028:7076:0409/232024.425:ERROR:util.cc(132)] Can't create base directory: C:\Program Files\Microsoft\EdgeUpdater
